<?xml version="1.0" encoding="UTF-8"?>
<!-- Generated by org.testng.reporters.JUnitReportReporter -->
<testsuite hostname="DESKTOP-9O1S3DT" failures="0" tests="1" name="selenium.com.First" time="18.443" errors="0" timestamp="2025-07-14T13:45:37 IST" skipped="0">
  <testcase classname="selenium.com.First" name="test" time="18.443"/>
</testsuite> <!-- selenium.com.First -->
